#
# There is insufficient memory for the Java Runtime Environment to continue.
# Native memory allocation (malloc) failed to allocate 1048576 bytes for AllocateHeap
# Possible reasons:
#   The system is out of physical RAM or swap space
#   The process is running with CompressedOops enabled, and the Java Heap may be blocking the growth of the native heap
# Possible solutions:
#   Reduce memory load on the system
#   Increase physical memory or swap space
#   Check if swap backing store is full
#   Decrease Java heap size (-Xmx/-Xms)
#   Decrease number of Java threads
#   Decrease Java thread stack sizes (-Xss)
#   Set larger code cache with -XX:ReservedCodeCacheSize=
#   JVM is running with Unscaled Compressed Oops mode in which the Java heap is
#     placed in the first 4GB address space. The Java Heap base address is the
#     maximum limit for the native heap growth. Please use -XX:HeapBaseMinAddress
#     to set the Java Heap base and to place the Java Heap above 4GB virtual address.
# This output file may be truncated or incomplete.
#
#  Out of Memory Error (t:/workspace/open/src/hotspot/share/memory/allocation.cpp:45), pid=2444, tid=12756
#
# JRE version: Java(TM) SE Runtime Environment (13.0.1+9) (build 13.0.1+9)
# Java VM: Java HotSpot(TM) 64-Bit Server VM (13.0.1+9, mixed mode, sharing, tiered, compressed oops, g1 gc, windows-amd64)
# No core dump will be written. Minidumps are not enabled by default on client versions of Windows
#

---------------  S U M M A R Y ------------

Command Line: -Dfile.encoding=UTF-8 test.helpwrite

Host: Intel(R) Core(TM) i3-8100 CPU @ 3.60GHz, 4 cores, 7G,  Windows 10 , 64 bit Build 18362 (10.0.18362.329)
Time: Thu Dec 12 17:26:57 2019 ¢¥eCN©öI¡¾©ö C¡ÍA¨ª¨öA elapsed time: 0 seconds (0d 0h 0m 0s)

---------------  T H R E A D  ---------------

Current thread (0x00000158ffe35000):  VMThread "VM Thread" [stack: 0x0000001315f00000,0x0000001316000000] [id=12756]

Stack: [0x0000001315f00000,0x0000001316000000]
[error occurred during error reporting (printing stack bounds), id 0xc0000005, EXCEPTION_ACCESS_VIOLATION (0xc0000005) at pc=0x00000158ebd210ad]

Native frames: (J=compiled Java code, j=interpreted, Vv=VM code, C=native code)
V  [jvm.dll+0x626eca]
V  [jvm.dll+0x772c6a]
V  [jvm.dll+0x77441f]
V  [jvm.dll+0x774985]
V  [jvm.dll+0x77493b]
V  [jvm.dll+0x6266ff]
C  [ntdll.dll+0x78636]
C  [ntdll.dll+0x6a0d6]
C  [ntdll.dll+0x9fe6e]
C  0x00000158ebd210ad

VM_Operation (0x00000013159fd560): CollectForMetadataAllocation, mode: safepoint, requested by thread 0x00000158e177e000


---------------  P R O C E S S  ---------------

Threads class SMR info:
_java_thread_list=0x00000158835767e0, length=16, elements={
0x00000158e177e000, 0x00000158ffe38000, 0x00000158ffe3b800, 0x00000158ffe5a800,
0x00000158ffe5c800, 0x00000158ffe5e000, 0x00000158ffe79800, 0x00000158ffe82800,
0x00000158828fa000, 0x00000158828ff000, 0x0000015882b89000, 0x0000015882b8e800,
0x0000015882b92000, 0x00000158835a5800, 0x000001588294d800, 0x000001588360c800
}

Java Threads: ( => current thread )
  0x00000158e177e000 JavaThread "main" [_thread_blocked, id=19724, stack(0x0000001315900000,0x0000001315a00000)]
  0x00000158ffe38000 JavaThread "Reference Handler" daemon [_thread_blocked, id=6556, stack(0x0000001316000000,0x0000001316100000)]
  0x00000158ffe3b800 JavaThread "Finalizer" daemon [_thread_blocked, id=7184, stack(0x0000001316100000,0x0000001316200000)]
  0x00000158ffe5a800 JavaThread "Signal Dispatcher" daemon [_thread_blocked, id=20308, stack(0x0000001316200000,0x0000001316300000)]
  0x00000158ffe5c800 JavaThread "Attach Listener" daemon [_thread_blocked, id=8480, stack(0x0000001316300000,0x0000001316400000)]
  0x00000158ffe5e000 JavaThread "C2 CompilerThread0" daemon [_thread_blocked, id=21868, stack(0x0000001316400000,0x0000001316500000)]
  0x00000158ffe79800 JavaThread "C1 CompilerThread0" daemon [_thread_blocked, id=11988, stack(0x0000001316500000,0x0000001316600000)]
  0x00000158ffe82800 JavaThread "Sweeper thread" daemon [_thread_blocked, id=1864, stack(0x0000001316600000,0x0000001316700000)]
  0x00000158828fa000 JavaThread "Service Thread" daemon [_thread_blocked, id=12340, stack(0x0000001316700000,0x0000001316800000)]
  0x00000158828ff000 JavaThread "Common-Cleaner" daemon [_thread_blocked, id=19708, stack(0x0000001316900000,0x0000001316a00000)]
  0x0000015882b89000 JavaThread "Java2D Disposer" daemon [_thread_blocked, id=9488, stack(0x0000001316b00000,0x0000001316c00000)]
  0x0000015882b8e800 JavaThread "AWT-Shutdown" [_thread_blocked, id=19972, stack(0x0000001316c00000,0x0000001316d00000)]
  0x0000015882b92000 JavaThread "AWT-Windows" daemon [_thread_in_native, id=3680, stack(0x0000001316d00000,0x0000001316e00000)]
  0x00000158835a5800 JavaThread "AWT-EventQueue-0" [_thread_blocked, id=8176, stack(0x0000001316e00000,0x0000001316f00000)]
  0x000001588294d800 JavaThread "Image Fetcher 0" daemon [_thread_blocked, id=21608, stack(0x0000001316f00000,0x0000001317000000)]
  0x000001588360c800 JavaThread "Image Fetcher 1" daemon [_thread_blocked, id=7416, stack(0x0000001317000000,0x0000001317100000)]

Other Threads:
=>0x00000158ffe35000 VMThread "VM Thread" [stack: 0x0000001315f00000,0x0000001316000000] [id=12756]
  0x00000158828fe000 WatcherThread [stack: 0x0000001316800000,0x0000001316900000] [id=11416]
  0x00000158e385d800 GCTaskThread "GC Thread#0" [stack: 0x0000001315a00000,0x0000001315b00000] [id=1888]
  0x00000158835ac800 GCTaskThread "GC Thread#1" [stack: 0x0000001317100000,0x0000001317200000] [id=7912]
  0x0000015883658800 GCTaskThread "GC Thread#2" [stack: 0x0000001317200000,0x0000001317300000] [id=17148]
  0x0000015883659000 GCTaskThread "GC Thread#3" [stack: 0x0000001317300000,0x0000001317400000] [id=13896]
  0x00000158e386f800 ConcurrentGCThread "G1 Main Marker" [stack: 0x0000001315b00000,0x0000001315c00000] [id=19960]
  0x00000158e3871000 ConcurrentGCThread "G1 Conc#0" [stack: 0x0000001315c00000,0x0000001315d00000] [id=21676]
  0x00000158e38ed800 ConcurrentGCThread "G1 Refine#0" [stack: 0x0000001315d00000,0x0000001315e00000] [id=2392]
  0x00000158ffcb5800 ConcurrentGCThread "G1 Young RemSet Sampling" [stack: 0x0000001315e00000,0x0000001315f00000] [id=22316]

Threads with active compile tasks:

VM state:at safepoint (normal execution)

VM Mutex/Monitor currently owned by a thread:  ([mutex/lock_event])
[0x00000158e177b500] Threads_lock - owner thread: 0x00000158ffe35000
[0x00000158e177ba10] Heap_lock - owner thread: 0x00000158e177e000

Heap address: 0x0000000081a00000, size: 2022 MB, Compressed Oops mode: 32-bit
Narrow klass base: 0x0000000800000000, Narrow klass shift: 3
Compressed class space size: 1073741824 Address: 0x0000000800b40000

Heap:
 garbage-first heap   total 131072K, used 1900K [0x0000000081a00000, 0x0000000100000000)
  region size 1024K, 2 young (2048K), 2 survivors (2048K)
 Metaspace       used 7087K, capacity 7337K, committed 7424K, reserved 1064960K
  class space    used 857K, capacity 991K, committed 1024K, reserved 1048576K
Heap Regions: E=young(eden), S=young(survivor), O=old, HS=humongous(starts), HC=humongous(continues), CS=collection set, F=free, A=archive, TAMS=top-at-mark-start (previous, next)
|   0|0x0000000081a00000, 0x0000000081a00000, 0x0000000081b00000|  0%| F|  |TAMS 0x0000000081a00000, 0x0000000081a00000| Untracked 
|   1|0x0000000081b00000, 0x0000000081b00000, 0x0000000081c00000|  0%| F|  |TAMS 0x0000000081b00000, 0x0000000081b00000| Untracked 
|   2|0x0000000081c00000, 0x0000000081c00000, 0x0000000081d00000|  0%| F|  |TAMS 0x0000000081c00000, 0x0000000081c00000| Untracked 
|   3|0x0000000081d00000, 0x0000000081d00000, 0x0000000081e00000|  0%| F|  |TAMS 0x0000000081d00000, 0x0000000081d00000| Untracked 
|   4|0x0000000081e00000, 0x0000000081e00000, 0x0000000081f00000|  0%| F|  |TAMS 0x0000000081e00000, 0x0000000081e00000| Untracked 
|   5|0x0000000081f00000, 0x0000000081f00000, 0x0000000082000000|  0%| F|  |TAMS 0x0000000081f00000, 0x0000000081f00000| Untracked 
|   6|0x0000000082000000, 0x0000000082000000, 0x0000000082100000|  0%| F|  |TAMS 0x0000000082000000, 0x0000000082000000| Untracked 
|   7|0x0000000082100000, 0x0000000082100000, 0x0000000082200000|  0%| F|  |TAMS 0x0000000082100000, 0x0000000082100000| Untracked 
|   8|0x0000000082200000, 0x0000000082200000, 0x0000000082300000|  0%| F|  |TAMS 0x0000000082200000, 0x0000000082200000| Untracked 
|   9|0x0000000082300000, 0x0000000082300000, 0x0000000082400000|  0%| F|  |TAMS 0x0000000082300000, 0x0000000082300000| Untracked 
|  10|0x0000000082400000, 0x0000000082400000, 0x0000000082500000|  0%| F|  |TAMS 0x0000000082400000, 0x0000000082400000| Untracked 
|  11|0x0000000082500000, 0x0000000082500000, 0x0000000082600000|  0%| F|  |TAMS 0x0000000082500000, 0x0000000082500000| Untracked 
|  12|0x0000000082600000, 0x0000000082600000, 0x0000000082700000|  0%| F|  |TAMS 0x0000000082600000, 0x0000000082600000| Untracked 
|  13|0x0000000082700000, 0x0000000082700000, 0x0000000082800000|  0%| F|  |TAMS 0x0000000082700000, 0x0000000082700000| Untracked 
|  14|0x0000000082800000, 0x0000000082800000, 0x0000000082900000|  0%| F|  |TAMS 0x0000000082800000, 0x0000000082800000| Untracked 
|  15|0x0000000082900000, 0x0000000082900000, 0x0000000082a00000|  0%| F|  |TAMS 0x0000000082900000, 0x0000000082900000| Untracked 
|  16|0x0000000082a00000, 0x0000000082a00000, 0x0000000082b00000|  0%| F|  |TAMS 0x0000000082a00000, 0x0000000082a00000| Untracked 
|  17|0x0000000082b00000, 0x0000000082b00000, 0x0000000082c00000|  0%| F|  |TAMS 0x0000000082b00000, 0x0000000082b00000| Untracked 
|  18|0x0000000082c00000, 0x0000000082c00000, 0x0000000082d00000|  0%| F|  |TAMS 0x0000000082c00000, 0x0000000082c00000| Untracked 
|  19|0x0000000082d00000, 0x0000000082d00000, 0x0000000082e00000|  0%| F|  |TAMS 0x0000000082d00000, 0x0000000082d00000| Untracked 
|  20|0x0000000082e00000, 0x0000000082e00000, 0x0000000082f00000|  0%| F|  |TAMS 0x0000000082e00000, 0x0000000082e00000| Untracked 
|  21|0x0000000082f00000, 0x0000000082f00000, 0x0000000083000000|  0%| F|  |TAMS 0x0000000082f00000, 0x0000000082f00000| Untracked 
|  22|0x0000000083000000, 0x0000000083000000, 0x0000000083100000|  0%| F|  |TAMS 0x0000000083000000, 0x0000000083000000| Untracked 
|  23|0x0000000083100000, 0x0000000083100000, 0x0000000083200000|  0%| F|  |TAMS 0x0000000083100000, 0x0000000083100000| Untracked 
|  24|0x0000000083200000, 0x0000000083200000, 0x0000000083300000|  0%| F|  |TAMS 0x0000000083200000, 0x0000000083200000| Untracked 
|  25|0x0000000083300000, 0x0000000083300000, 0x0000000083400000|  0%| F|  |TAMS 0x0000000083300000, 0x0000000083300000| Untracked 
|  26|0x0000000083400000, 0x0000000083400000, 0x0000000083500000|  0%| F|  |TAMS 0x0000000083400000, 0x0000000083400000| Untracked 
|  27|0x0000000083500000, 0x0000000083500000, 0x0000000083600000|  0%| F|  |TAMS 0x0000000083500000, 0x0000000083500000| Untracked 
|  28|0x0000000083600000, 0x0000000083600000, 0x0000000083700000|  0%| F|  |TAMS 0x0000000083600000, 0x0000000083600000| Untracked 
|  29|0x0000000083700000, 0x0000000083700000, 0x0000000083800000|  0%| F|  |TAMS 0x0000000083700000, 0x0000000083700000| Untracked 
|  30|0x0000000083800000, 0x0000000083800000, 0x0000000083900000|  0%| F|  |TAMS 0x0000000083800000, 0x0000000083800000| Untracked 
|  31|0x0000000083900000, 0x0000000083900000, 0x0000000083a00000|  0%| F|  |TAMS 0x0000000083900000, 0x0000000083900000| Untracked 
|  32|0x0000000083a00000, 0x0000000083a00000, 0x0000000083b00000|  0%| F|  |TAMS 0x0000000083a00000, 0x0000000083a00000| Untracked 
|  33|0x0000000083b00000, 0x0000000083b00000, 0x0000000083c00000|  0%| F|  |TAMS 0x0000000083b00000, 0x0000000083b00000| Untracked 
|  34|0x0000000083c00000, 0x0000000083c00000, 0x0000000083d00000|  0%| F|  |TAMS 0x0000000083c00000, 0x0000000083c00000| Untracked 
|  35|0x0000000083d00000, 0x0000000083d00000, 0x0000000083e00000|  0%| F|  |TAMS 0x0000000083d00000, 0x0000000083d00000| Untracked 
|  36|0x0000000083e00000, 0x0000000083e00000, 0x0000000083f00000|  0%| F|  |TAMS 0x0000000083e00000, 0x0000000083e00000| Untracked 
|  37|0x0000000083f00000, 0x0000000083f00000, 0x0000000084000000|  0%| F|  |TAMS 0x0000000083f00000, 0x0000000083f00000| Untracked 
|  38|0x0000000084000000, 0x0000000084000000, 0x0000000084100000|  0%| F|  |TAMS 0x0000000084000000, 0x0000000084000000| Untracked 
|  39|0x0000000084100000, 0x0000000084100000, 0x0000000084200000|  0%| F|  |TAMS 0x0000000084100000, 0x0000000084100000| Untracked 
|  40|0x0000000084200000, 0x0000000084200000, 0x0000000084300000|  0%| F|  |TAMS 0x0000000084200000, 0x0000000084200000| Untracked 
|  41|0x0000000084300000, 0x0000000084300000, 0x0000000084400000|  0%| F|  |TAMS 0x0000000084300000, 0x0000000084300000| Untracked 
|  42|0x0000000084400000, 0x0000000084400000, 0x0000000084500000|  0%| F|  |TAMS 0x0000000084400000, 0x0000000084400000| Untracked 
|  43|0x0000000084500000, 0x0000000084500000, 0x0000000084600000|  0%| F|  |TAMS 0x0000000084500000, 0x0000000084500000| Untracked 
|  44|0x0000000084600000, 0x0000000084600000, 0x0000000084700000|  0%| F|  |TAMS 0x0000000084600000, 0x0000000084600000| Untracked 
|  45|0x0000000084700000, 0x0000000084700000, 0x0000000084800000|  0%| F|  |TAMS 0x0000000084700000, 0x0000000084700000| Untracked 
|  46|0x0000000084800000, 0x0000000084800000, 0x0000000084900000|  0%| F|  |TAMS 0x0000000084800000, 0x0000000084800000| Untracked 
|  47|0x0000000084900000, 0x0000000084900000, 0x0000000084a00000|  0%| F|  |TAMS 0x0000000084900000, 0x0000000084900000| Untracked 
|  48|0x0000000084a00000, 0x0000000084a00000, 0x0000000084b00000|  0%| F|  |TAMS 0x0000000084a00000, 0x0000000084a00000| Untracked 
|  49|0x0000000084b00000, 0x0000000084b00000, 0x0000000084c00000|  0%| F|  |TAMS 0x0000000084b00000, 0x0000000084b00000| Untracked 
|  50|0x0000000084c00000, 0x0000000084c00000, 0x0000000084d00000|  0%| F|  |TAMS 0x0000000084c00000, 0x0000000084c00000| Untracked 
|  51|0x0000000084d00000, 0x0000000084d00000, 0x0000000084e00000|  0%| F|  |TAMS 0x0000000084d00000, 0x0000000084d00000| Untracked 
|  52|0x0000000084e00000, 0x0000000084e00000, 0x0000000084f00000|  0%| F|  |TAMS 0x0000000084e00000, 0x0000000084e00000| Untracked 
|  53|0x0000000084f00000, 0x0000000084f00000, 0x0000000085000000|  0%| F|  |TAMS 0x0000000084f00000, 0x0000000084f00000| Untracked 
|  54|0x0000000085000000, 0x0000000085000000, 0x0000000085100000|  0%| F|  |TAMS 0x0000000085000000, 0x0000000085000000| Untracked 
|  55|0x0000000085100000, 0x0000000085100000, 0x0000000085200000|  0%| F|  |TAMS 0x0000000085100000, 0x0000000085100000| Untracked 
|  56|0x0000000085200000, 0x0000000085200000, 0x0000000085300000|  0%| F|  |TAMS 0x0000000085200000, 0x0000000085200000| Untracked 
|  57|0x0000000085300000, 0x0000000085300000, 0x0000000085400000|  0%| F|  |TAMS 0x0000000085300000, 0x0000000085300000| Untracked 
|  58|0x0000000085400000, 0x0000000085400000, 0x0000000085500000|  0%| F|  |TAMS 0x0000000085400000, 0x0000000085400000| Untracked 
|  59|0x0000000085500000, 0x0000000085500000, 0x0000000085600000|  0%| F|  |TAMS 0x0000000085500000, 0x0000000085500000| Untracked 
|  60|0x0000000085600000, 0x0000000085600000, 0x0000000085700000|  0%| F|  |TAMS 0x0000000085600000, 0x0000000085600000| Untracked 
|  61|0x0000000085700000, 0x0000000085700000, 0x0000000085800000|  0%| F|  |TAMS 0x0000000085700000, 0x0000000085700000| Untracked 
|  62|0x0000000085800000, 0x0000000085800000, 0x0000000085900000|  0%| F|  |TAMS 0x0000000085800000, 0x0000000085800000| Untracked 
|  63|0x0000000085900000, 0x0000000085900000, 0x0000000085a00000|  0%| F|  |TAMS 0x0000000085900000, 0x0000000085900000| Untracked 
|  64|0x0000000085a00000, 0x0000000085a00000, 0x0000000085b00000|  0%| F|  |TAMS 0x0000000085a00000, 0x0000000085a00000| Untracked 
|  65|0x0000000085b00000, 0x0000000085b00000, 0x0000000085c00000|  0%| F|  |TAMS 0x0000000085b00000, 0x0000000085b00000| Untracked 
|  66|0x0000000085c00000, 0x0000000085c00000, 0x0000000085d00000|  0%| F|  |TAMS 0x0000000085c00000, 0x0000000085c00000| Untracked 
|  67|0x0000000085d00000, 0x0000000085d00000, 0x0000000085e00000|  0%| F|  |TAMS 0x0000000085d00000, 0x0000000085d00000| Untracked 
|  68|0x0000000085e00000, 0x0000000085e00000, 0x0000000085f00000|  0%| F|  |TAMS 0x0000000085e00000, 0x0000000085e00000| Untracked 
|  69|0x0000000085f00000, 0x0000000085f00000, 0x0000000086000000|  0%| F|  |TAMS 0x0000000085f00000, 0x0000000085f00000| Untracked 
|  70|0x0000000086000000, 0x0000000086000000, 0x0000000086100000|  0%| F|  |TAMS 0x0000000086000000, 0x0000000086000000| Untracked 
|  71|0x0000000086100000, 0x0000000086100000, 0x0000000086200000|  0%| F|  |TAMS 0x0000000086100000, 0x0000000086100000| Untracked 
|  72|0x0000000086200000, 0x0000000086200000, 0x0000000086300000|  0%| F|  |TAMS 0x0000000086200000, 0x0000000086200000| Untracked 
|  73|0x0000000086300000, 0x0000000086300000, 0x0000000086400000|  0%| F|  |TAMS 0x0000000086300000, 0x0000000086300000| Untracked 
|  74|0x0000000086400000, 0x0000000086400000, 0x0000000086500000|  0%| F|  |TAMS 0x0000000086400000, 0x0000000086400000| Untracked 
|  75|0x0000000086500000, 0x0000000086500000, 0x0000000086600000|  0%| F|  |TAMS 0x0000000086500000, 0x0000000086500000| Untracked 
|  76|0x0000000086600000, 0x0000000086600000, 0x0000000086700000|  0%| F|  |TAMS 0x0000000086600000, 0x0000000086600000| Untracked 
|  77|0x0000000086700000, 0x0000000086700000, 0x0000000086800000|  0%| F|  |TAMS 0x0000000086700000, 0x0000000086700000| Untracked 
|  78|0x0000000086800000, 0x0000000086800000, 0x0000000086900000|  0%| F|  |TAMS 0x0000000086800000, 0x0000000086800000| Untracked 
|  79|0x0000000086900000, 0x0000000086900000, 0x0000000086a00000|  0%| F|  |TAMS 0x0000000086900000, 0x0000000086900000| Untracked 
|  80|0x0000000086a00000, 0x0000000086a00000, 0x0000000086b00000|  0%| F|  |TAMS 0x0000000086a00000, 0x0000000086a00000| Untracked 
|  81|0x0000000086b00000, 0x0000000086b00000, 0x0000000086c00000|  0%| F|  |TAMS 0x0000000086b00000, 0x0000000086b00000| Untracked 
|  82|0x0000000086c00000, 0x0000000086c00000, 0x0000000086d00000|  0%| F|  |TAMS 0x0000000086c00000, 0x0000000086c00000| Untracked 
|  83|0x0000000086d00000, 0x0000000086d00000, 0x0000000086e00000|  0%| F|  |TAMS 0x0000000086d00000, 0x0000000086d00000| Untracked 
|  84|0x0000000086e00000, 0x0000000086e00000, 0x0000000086f00000|  0%| F|  |TAMS 0x0000000086e00000, 0x0000000086e00000| Untracked 
|  85|0x0000000086f00000, 0x0000000086f00000, 0x0000000087000000|  0%| F|  |TAMS 0x0000000086f00000, 0x0000000086f00000| Untracked 
|  86|0x0000000087000000, 0x0000000087000000, 0x0000000087100000|  0%| F|  |TAMS 0x0000000087000000, 0x0000000087000000| Untracked 
|  87|0x0000000087100000, 0x0000000087100000, 0x0000000087200000|  0%| F|  |TAMS 0x0000000087100000, 0x0000000087100000| Untracked 
|  88|0x0000000087200000, 0x0000000087200000, 0x0000000087300000|  0%| F|  |TAMS 0x0000000087200000, 0x0000000087200000| Untracked 
|  89|0x0000000087300000, 0x0000000087300000, 0x0000000087400000|  0%| F|  |TAMS 0x0000000087300000, 0x0000000087300000| Untracked 
|  90|0x0000000087400000, 0x0000000087400000, 0x0000000087500000|  0%| F|  |TAMS 0x0000000087400000, 0x0000000087400000| Untracked 
|  91|0x0000000087500000, 0x0000000087500000, 0x0000000087600000|  0%| F|  |TAMS 0x0000000087500000, 0x0000000087500000| Untracked 
|  92|0x0000000087600000, 0x0000000087600000, 0x0000000087700000|  0%| F|  |TAMS 0x0000000087600000, 0x0000000087600000| Untracked 
|  93|0x0000000087700000, 0x0000000087700000, 0x0000000087800000|  0%| F|  |TAMS 0x0000000087700000, 0x0000000087700000| Untracked 
|  94|0x0000000087800000, 0x0000000087800000, 0x0000000087900000|  0%| F|  |TAMS 0x0000000087800000, 0x0000000087800000| Untracked 
|  95|0x0000000087900000, 0x0000000087900000, 0x0000000087a00000|  0%| F|  |TAMS 0x0000000087900000, 0x0000000087900000| Untracked 
|  96|0x0000000087a00000, 0x0000000087a00000, 0x0000000087b00000|  0%| F|  |TAMS 0x0000000087a00000, 0x0000000087a00000| Untracked 
|  97|0x0000000087b00000, 0x0000000087b00000, 0x0000000087c00000|  0%| F|  |TAMS 0x0000000087b00000, 0x0000000087b00000| Untracked 
|  98|0x0000000087c00000, 0x0000000087c00000, 0x0000000087d00000|  0%| F|  |TAMS 0x0000000087c00000, 0x0000000087c00000| Untracked 
|  99|0x0000000087d00000, 0x0000000087d00000, 0x0000000087e00000|  0%| F|  |TAMS 0x0000000087d00000, 0x0000000087d00000| Untracked 
| 100|0x0000000087e00000, 0x0000000087e00000, 0x0000000087f00000|  0%| F|  |TAMS 0x0000000087e00000, 0x0000000087e00000| Untracked 
| 101|0x0000000087f00000, 0x0000000087f00000, 0x0000000088000000|  0%| F|  |TAMS 0x0000000087f00000, 0x0000000087f00000| Untracked 
| 102|0x0000000088000000, 0x0000000088000000, 0x0000000088100000|  0%| F|  |TAMS 0x0000000088000000, 0x0000000088000000| Untracked 
| 103|0x0000000088100000, 0x0000000088100000, 0x0000000088200000|  0%| F|  |TAMS 0x0000000088100000, 0x0000000088100000| Untracked 
| 104|0x0000000088200000, 0x0000000088200000, 0x0000000088300000|  0%| F|  |TAMS 0x0000000088200000, 0x0000000088200000| Untracked 
| 105|0x0000000088300000, 0x0000000088300000, 0x0000000088400000|  0%| F|  |TAMS 0x0000000088300000, 0x0000000088300000| Untracked 
| 106|0x0000000088400000, 0x0000000088400000, 0x0000000088500000|  0%| F|  |TAMS 0x0000000088400000, 0x0000000088400000| Untracked 
| 107|0x0000000088500000, 0x0000000088500000, 0x0000000088600000|  0%| F|  |TAMS 0x0000000088500000, 0x0000000088500000| Untracked 
| 108|0x0000000088600000, 0x0000000088600000, 0x0000000088700000|  0%| F|  |TAMS 0x0000000088600000, 0x0000000088600000| Untracked 
| 109|0x0000000088700000, 0x0000000088700000, 0x0000000088800000|  0%| F|  |TAMS 0x0000000088700000, 0x0000000088700000| Untracked 
| 110|0x0000000088800000, 0x0000000088800000, 0x0000000088900000|  0%| F|  |TAMS 0x0000000088800000, 0x0000000088800000| Untracked 
| 111|0x0000000088900000, 0x0000000088900000, 0x0000000088a00000|  0%| F|  |TAMS 0x0000000088900000, 0x0000000088900000| Untracked 
| 112|0x0000000088a00000, 0x0000000088a00000, 0x0000000088b00000|  0%| F|  |TAMS 0x0000000088a00000, 0x0000000088a00000| Untracked 
| 113|0x0000000088b00000, 0x0000000088b00000, 0x0000000088c00000|  0%| F|  |TAMS 0x0000000088b00000, 0x0000000088b00000| Untracked 
| 114|0x0000000088c00000, 0x0000000088c00000, 0x0000000088d00000|  0%| F|  |TAMS 0x0000000088c00000, 0x0000000088c00000| Untracked 
| 115|0x0000000088d00000, 0x0000000088d00000, 0x0000000088e00000|  0%| F|  |TAMS 0x0000000088d00000, 0x0000000088d00000| Untracked 
| 116|0x0000000088e00000, 0x0000000088e00000, 0x0000000088f00000|  0%| F|  |TAMS 0x0000000088e00000, 0x0000000088e00000| Untracked 
| 117|0x0000000088f00000, 0x0000000088f00000, 0x0000000089000000|  0%| F|  |TAMS 0x0000000088f00000, 0x0000000088f00000| Untracked 
| 118|0x0000000089000000, 0x0000000089000000, 0x0000000089100000|  0%| F|  |TAMS 0x0000000089000000, 0x0000000089000000| Untracked 
| 119|0x0000000089100000, 0x0000000089100000, 0x0000000089200000|  0%| F|  |TAMS 0x0000000089100000, 0x0000000089100000| Untracked 
| 120|0x0000000089200000, 0x0000000089200000, 0x0000000089300000|  0%| F|  |TAMS 0x0000000089200000, 0x0000000089200000| Untracked 
| 121|0x0000000089300000, 0x00000000893db0f8, 0x0000000089400000| 85%| S|CS|TAMS 0x0000000089300000, 0x0000000089300000| Complete 
| 122|0x0000000089400000, 0x0000000089500000, 0x0000000089500000|100%| S|CS|TAMS 0x0000000089400000, 0x0000000089400000| Complete 
| 123|0x0000000089500000, 0x0000000089500000, 0x0000000089600000|  0%| F|  |TAMS 0x0000000089500000, 0x0000000089500000| Untracked 
| 124|0x0000000089600000, 0x0000000089600000, 0x0000000089700000|  0%| F|  |TAMS 0x0000000089600000, 0x0000000089600000| Untracked 
| 125|0x0000000089700000, 0x0000000089700000, 0x0000000089800000|  0%| F|  |TAMS 0x0000000089700000, 0x0000000089700000| Untracked 
| 126|0x0000000089800000, 0x0000000089800000, 0x0000000089900000|  0%| F|  |TAMS 0x0000000089800000, 0x0000000089800000| Untracked 
| 127|0x0000000089900000, 0x0000000089900000, 0x0000000089a00000|  0%| F|  |TAMS 0x0000000089900000, 0x0000000089900000| Untracked 

Card table byte_map: [0x00000158fb120000,0x00000158fb520000] _byte_map_base: 0x00000158fad13000

Marking Bits (Prev, Next): (CMBitMap*) 0x00000158e385e588, (CMBitMap*) 0x00000158e385e5c8
 Prev Bits: [0x00000158fb920000, 0x00000158fd8b8000)
 Next Bits: [0x00000158fd8c0000, 0x00000158ff858000)

Polling page: 0x00000158e17d0000

Metaspace:

Usage:
  Non-class:      6.20 MB capacity,     6.08 MB ( 98%) used,    98.81 KB (  2%) free+waste,    17.50 KB ( <1%) overhead. 
      Class:    991.00 KB capacity,   857.38 KB ( 87%) used,   121.19 KB ( 12%) free+waste,    12.44 KB (  1%) overhead. 
       Both:      7.17 MB capacity,     6.92 MB ( 97%) used,   220.00 KB (  3%) free+waste,    29.94 KB ( <1%) overhead. 

Virtual space:
  Non-class space:       16.00 MB reserved,       6.25 MB ( 39%) committed 
      Class space:        1.00 GB reserved,       1.00 MB ( <1%) committed 
             Both:        1.02 GB reserved,       7.25 MB ( <1%) committed 

Chunk freelists:
   Non-Class:  54.00 KB
       Class:  1.00 KB
        Both:  55.00 KB

MaxMetaspaceSize: 17179869184.00 GB
CompressedClassSpaceSize: 1.00 GB

CodeHeap 'non-profiled nmethods': size=120064Kb used=170Kb max_used=170Kb free=119893Kb
 bounds [0x00000158f37e0000, 0x00000158f3a50000, 0x00000158fad20000]
CodeHeap 'profiled nmethods': size=120000Kb used=932Kb max_used=932Kb free=119068Kb
 bounds [0x00000158ec2b0000, 0x00000158ec520000, 0x00000158f37e0000]
CodeHeap 'non-nmethods': size=5696Kb used=1250Kb max_used=1262Kb free=4445Kb
 bounds [0x00000158ebd20000, 0x00000158ebf90000, 0x00000158ec2b0000]
 total_blobs=1449 nmethods=570 adapters=434
 compilation: enabled
              stopped_count=0, restarted_count=0
 full_count=0

Compilation events (20 events):
Event: 0.304 Thread 0x00000158ffe79800  561       3       sun.java2d.loops.GraphicsPrimitiveMgr$1::compare (13 bytes)
Event: 0.304 Thread 0x00000158ffe79800 nmethod 561 0x00000158ec395f10 code [0x00000158ec3960e0, 0x00000158ec3965d8]
Event: 0.304 Thread 0x00000158ffe79800  562       3       sun.java2d.loops.GraphicsPrimitiveMgr$1::compare (33 bytes)
Event: 0.304 Thread 0x00000158ffe79800 nmethod 562 0x00000158ec396710 code [0x00000158ec3968c0, 0x00000158ec396b38]
Event: 0.304 Thread 0x00000158ffe5e000  563       4       sun.java2d.loops.GraphicsPrimitiveMgr$1::compare (13 bytes)
Event: 0.304 Thread 0x00000158ffe79800  564       3       sun.java2d.loops.GraphicsPrimitiveMgr$2::compare (39 bytes)
Event: 0.304 Thread 0x00000158ffe79800 nmethod 564 0x00000158ec396c10 code [0x00000158ec396de0, 0x00000158ec397258]
Event: 0.305 Thread 0x00000158ffe79800  565       1       sun.java2d.loops.CompositeType::getSuperType (5 bytes)
Event: 0.305 Thread 0x00000158ffe79800 nmethod 565 0x00000158f3809990 code [0x00000158f3809b20, 0x00000158f3809c58]
Event: 0.305 Thread 0x00000158ffe79800  566       3       java.util.Arrays::binarySearch0 (95 bytes)
Event: 0.305 Thread 0x00000158ffe79800 nmethod 566 0x00000158ec397390 code [0x00000158ec397560, 0x00000158ec3979c0]
Event: 0.305 Thread 0x00000158ffe79800  567       3       sun.java2d.loops.GraphicsPrimitiveMgr::locate (104 bytes)
Event: 0.305 Thread 0x00000158ffe5e000 nmethod 563 0x00000158f3809d10 code [0x00000158f3809ea0, 0x00000158f3809fd8]
Event: 0.305 Thread 0x00000158ffe5e000  570       4       sun.java2d.loops.GraphicsPrimitiveMgr$2::compare (39 bytes)
Event: 0.305 Thread 0x00000158ffe79800 nmethod 567 0x00000158ec397b90 code [0x00000158ec397de0, 0x00000158ec398960]
Event: 0.306 Thread 0x00000158ffe79800  568       3       java.util.Arrays::binarySearch (10 bytes)
Event: 0.306 Thread 0x00000158ffe79800 nmethod 568 0x00000158ec398c10 code [0x00000158ec398dc0, 0x00000158ec398f50]
Event: 0.306 Thread 0x00000158ffe79800  569       1       sun.java2d.loops.SurfaceType::getSuperType (5 bytes)
Event: 0.306 Thread 0x00000158ffe79800 nmethod 569 0x00000158f380a110 code [0x00000158f380a2a0, 0x00000158f380a3d8]
Event: 0.306 Thread 0x00000158ffe5e000 nmethod 570 0x00000158f380a490 code [0x00000158f380a620, 0x00000158f380a738]

GC Heap History (2 events):
Event: 0.306 GC heap before
{Heap before GC invocations=0 (full 0):
 garbage-first heap   total 131072K, used 4096K [0x0000000081a00000, 0x0000000100000000)
  region size 1024K, 5 young (5120K), 0 survivors (0K)
 Metaspace       used 7087K, capacity 7337K, committed 7424K, reserved 1062912K
  class space    used 857K, capacity 991K, committed 1024K, reserved 1048576K
}
Event: 0.311 GC heap after
{Heap after GC invocations=1 (full 0):
 garbage-first heap   total 131072K, used 1900K [0x0000000081a00000, 0x0000000100000000)
  region size 1024K, 2 young (2048K), 2 survivors (2048K)
 Metaspace       used 7087K, capacity 7337K, committed 7424K, reserved 1062912K
  class space    used 857K, capacity 991K, committed 1024K, reserved 1048576K
}

Deoptimization events (16 events):
Event: 0.074 Thread 0x00000158e177e000 Uncommon trap: trap_request=0xffffff45 fr.pc=0x00000158f37e4a9c relative=0x00000000000001fc
Event: 0.074 Thread 0x00000158e177e000 Uncommon trap: reason=unstable_if action=reinterpret pc=0x00000158f37e4a9c method=java.lang.String.hashCode()I @ 42 c2
Event: 0.074 Thread 0x00000158e177e000 DEOPT PACKING pc=0x00000158f37e4a9c sp=0x00000013159fe230
Event: 0.074 Thread 0x00000158e177e000 DEOPT UNPACKING pc=0x00000158ebd6912f sp=0x00000013159fe1c8 mode 2
Event: 0.122 Thread 0x00000158e177e000 Uncommon trap: trap_request=0xffffff45 fr.pc=0x00000158f37e952c relative=0x000000000000008c
Event: 0.122 Thread 0x00000158e177e000 Uncommon trap: reason=unstable_if action=reinterpret pc=0x00000158f37e952c method=java.lang.String.charAt(I)C @ 4 c2
Event: 0.123 Thread 0x00000158e177e000 DEOPT PACKING pc=0x00000158f37e952c sp=0x00000013159fcba0
Event: 0.123 Thread 0x00000158e177e000 DEOPT UNPACKING pc=0x00000158ebd6912f sp=0x00000013159fcb40 mode 2
Event: 0.242 Thread 0x00000158e177e000 Uncommon trap: trap_request=0xffffff45 fr.pc=0x00000158f38014ac relative=0x000000000000018c
Event: 0.242 Thread 0x00000158e177e000 Uncommon trap: reason=unstable_if action=reinterpret pc=0x00000158f38014ac method=java.lang.String.equals(Ljava/lang/Object;)Z @ 33 c2
Event: 0.242 Thread 0x00000158e177e000 DEOPT PACKING pc=0x00000158f38014ac sp=0x00000013159ff240
Event: 0.242 Thread 0x00000158e177e000 DEOPT UNPACKING pc=0x00000158ebd6912f sp=0x00000013159ff1e0 mode 2
Event: 0.286 Thread 0x00000158e177e000 Uncommon trap: trap_request=0xffffffe5 fr.pc=0x00000158f37fde08 relative=0x0000000000000168
Event: 0.286 Thread 0x00000158e177e000 Uncommon trap: reason=range_check action=reinterpret pc=0x00000158f37fde08 method=java.lang.StringLatin1.indexOf([BII)I @ 13 c2
Event: 0.286 Thread 0x00000158e177e000 DEOPT PACKING pc=0x00000158f37fde08 sp=0x00000013159fa480
Event: 0.286 Thread 0x00000158e177e000 DEOPT UNPACKING pc=0x00000158ebd6912f sp=0x00000013159fa400 mode 2

Classes unloaded (0 events):
No events

Classes redefined (0 events):
No events

Internal exceptions (10 events):
Event: 0.101 Thread 0x00000158e177e000 Exception <a 'java/lang/ClassNotFoundException'{0x0000000089832900}: sun/awt/resources/spi/awtProvider> (0x0000000089832900) 
thrown [t:/workspace/open/src/hotspot/share/classfile/systemDictionary.cpp, line 232]
Event: 0.123 Thread 0x00000158e177e000 Exception <a 'java/io/FileNotFoundException'{0x0000000089887ef0}> (0x0000000089887ef0) 
thrown [t:/workspace/open/src/hotspot/share/prims/jni.cpp, line 598]
Event: 0.129 Thread 0x00000158e177e000 Exception <a 'java/io/FileNotFoundException'{0x00000000898ae980}> (0x00000000898ae980) 
thrown [t:/workspace/open/src/hotspot/share/prims/jni.cpp, line 598]
Event: 0.167 Thread 0x0000015882b92000 Exception <a 'java/lang/NoSuchMethodError'{0x000000008974d1e8}: 'void java.lang.invoke.DirectMethodHandle$Holder.invokeSpecial(java.lang.Object, java.lang.Object)'> (0x000000008974d1e8) 
thrown [t:/workspace/open/src/hotspot/share/interpreter/linkResolver.cpp, line 767]
Event: 0.193 Thread 0x00000158e177e000 Exception <a 'java/lang/NoSuchMethodError'{0x00000000897b7fd0}: 'java.lang.Object java.lang.invoke.DirectMethodHandle$Holder.invokeStatic(java.lang.Object, int, java.lang.Object, java.lang.Object, java.lang.Object, java.lang.Object)'> (0x00000000897b7fd0) 
thrown [t:/workspace/open/src/hotspot/share/interpreter/linkResolver.cpp, line 767]
Event: 0.193 Thread 0x00000158e177e000 Exception <a 'java/lang/NoSuchMethodError'{0x00000000897be930}: 'java.lang.Object java.lang.invoke.DirectMethodHandle$Holder.invokeStatic(java.lang.Object, int, java.lang.Object, java.lang.Object, java.lang.Object)'> (0x00000000897be930) 
thrown [t:/workspace/open/src/hotspot/share/interpreter/linkResolver.cpp, line 767]
Event: 0.193 Thread 0x00000158e177e000 Exception <a 'java/lang/NoSuchMethodError'{0x00000000897c2198}: 'java.lang.Object java.lang.invoke.DirectMethodHandle$Holder.invokeSpecial(java.lang.Object, java.lang.Object, int, java.lang.Object, java.lang.Object, java.lang.Object)'> (0x00000000897c2198) 
thrown [t:/workspace/open/src/hotspot/share/interpreter/linkResolver.cpp, line 767]
Event: 0.195 Thread 0x00000158e177e000 Exception <a 'java/lang/NoSuchMethodError'{0x00000000897d8720}: 'java.lang.Object java.lang.invoke.DirectMethodHandle$Holder.invokeStatic(java.lang.Object, int, java.lang.Object)'> (0x00000000897d8720) 
thrown [t:/workspace/open/src/hotspot/share/interpreter/linkResolver.cpp, line 767]
Event: 0.212 Thread 0x00000158e177e000 Exception <a 'java/lang/ClassNotFoundException'{0x000000008967be00}: com/sun/swing/internal/plaf/metal/resources/spi/metalProvider> (0x000000008967be00) 
thrown [t:/workspace/open/src/hotspot/share/classfile/systemDictionary.cpp, line 232]
Event: 0.212 Thread 0x00000158e177e000 Exception <a 'java/lang/ClassNotFoundException'{0x000000008967fec8}: com/sun/swing/internal/plaf/basic/resources/spi/basicProvider> (0x000000008967fec8) 
thrown [t:/workspace/open/src/hotspot/share/classfile/systemDictionary.cpp, line 232]

Events (20 events):
Event: 0.302 loading class sun/java2d/loops/GraphicsPrimitiveProxy
Event: 0.302 loading class sun/java2d/loops/GraphicsPrimitiveProxy done
Event: 0.302 loading class sun/java2d/loops/GeneralRenderer
Event: 0.302 loading class sun/java2d/loops/GeneralRenderer done
Event: 0.303 loading class sun/java2d/loops/GraphicsPrimitiveMgr$1
Event: 0.303 loading class sun/java2d/loops/GraphicsPrimitiveMgr$1 done
Event: 0.303 loading class sun/java2d/loops/GraphicsPrimitiveMgr$2
Event: 0.303 loading class sun/java2d/loops/GraphicsPrimitiveMgr$2 done
Event: 0.303 loading class sun/java2d/windows/GDIRenderer
Event: 0.303 loading class sun/java2d/windows/GDIRenderer done
Event: 0.303 loading class sun/java2d/loops/RenderLoops
Event: 0.303 loading class sun/java2d/loops/RenderLoops done
Event: 0.303 loading class sun/java2d/loops/GraphicsPrimitiveMgr$PrimitiveSpec
Event: 0.303 loading class sun/java2d/loops/GraphicsPrimitiveMgr$PrimitiveSpec done
Event: 0.305 loading class sun/java2d/DefaultDisposerRecord
Event: 0.305 loading class sun/java2d/DefaultDisposerRecord done
Event: 0.305 loading class sun/java2d/SurfaceDataProxy
Event: 0.305 loading class sun/awt/image/SurfaceManager$FlushableCacheData
Event: 0.305 loading class sun/awt/image/SurfaceManager$FlushableCacheData done
Event: 0.306 Executing VM operation: CollectForMetadataAllocation


Dynamic libraries:
0x00007ff67a4f0000 - 0x00007ff67a4ff000 	C:\Program Files\Java\jdk-13.0.1\bin\javaw.exe
0x00007fffd4140000 - 0x00007fffd4330000 	C:\WINDOWS\SYSTEM32\ntdll.dll
0x00007fffd21f0000 - 0x00007fffd22a2000 	C:\WINDOWS\System32\KERNEL32.DLL
0x00007fffd1c90000 - 0x00007fffd1f33000 	C:\WINDOWS\System32\KERNELBASE.dll
0x00007fffd10d0000 - 0x00007fffd11ca000 	C:\WINDOWS\System32\ucrtbase.dll
0x00007fffbeda0000 - 0x00007fffbedb8000 	C:\Program Files\Java\jdk-13.0.1\bin\jli.dll
0x00007fffd2c00000 - 0x00007fffd2ca3000 	C:\WINDOWS\System32\ADVAPI32.dll
0x00007fffd33a0000 - 0x00007fffd343e000 	C:\WINDOWS\System32\msvcrt.dll
0x00007fffd2e10000 - 0x00007fffd2ea7000 	C:\WINDOWS\System32\sechost.dll
0x00007fffd3140000 - 0x00007fffd3260000 	C:\WINDOWS\System32\RPCRT4.dll
0x00007fffd3e80000 - 0x00007fffd4014000 	C:\WINDOWS\System32\USER32.dll
0x00007fffd2120000 - 0x00007fffd2141000 	C:\WINDOWS\System32\win32u.dll
0x00007fffd2af0000 - 0x00007fffd2b16000 	C:\WINDOWS\System32\GDI32.dll
0x00007fffd11d0000 - 0x00007fffd1364000 	C:\WINDOWS\System32\gdi32full.dll
0x00007fffd2150000 - 0x00007fffd21ee000 	C:\WINDOWS\System32\msvcp_win.dll
0x00007fffb9640000 - 0x00007fffb9655000 	C:\Program Files\Java\jdk-13.0.1\bin\VCRUNTIME140.dll
0x00007fffc0a20000 - 0x00007fffc0ca5000 	C:\WINDOWS\WinSxS\amd64_microsoft.windows.common-controls_6595b64144ccf1df_6.0.18362.449_none_e6c7b265130c70a7\COMCTL32.dll
0x00007fffd2310000 - 0x00007fffd2646000 	C:\WINDOWS\System32\combase.dll
0x00007fffd1b10000 - 0x00007fffd1b90000 	C:\WINDOWS\System32\bcryptPrimitives.dll
0x00007fffc9a30000 - 0x00007fffc9a3a000 	C:\WINDOWS\SYSTEM32\VERSION.dll
0x00007fffd2650000 - 0x00007fffd267e000 	C:\WINDOWS\System32\IMM32.DLL
0x00007fffb95a0000 - 0x00007fffb963b000 	C:\Program Files\Java\jdk-13.0.1\bin\msvcp140.dll
0x00007fff93020000 - 0x00007fff93b86000 	C:\Program Files\Java\jdk-13.0.1\bin\server\jvm.dll
0x00007fffd3de0000 - 0x00007fffd3de8000 	C:\WINDOWS\System32\PSAPI.DLL
0x00007fffc47a0000 - 0x00007fffc47a9000 	C:\WINDOWS\SYSTEM32\WSOCK32.dll
0x00007fffd3e10000 - 0x00007fffd3e7f000 	C:\WINDOWS\System32\WS2_32.dll
0x00007fffcefc0000 - 0x00007fffcefe4000 	C:\WINDOWS\SYSTEM32\WINMM.dll
0x00007fffcef60000 - 0x00007fffcef8d000 	C:\WINDOWS\SYSTEM32\WINMMBASE.dll
0x00007fffd1c40000 - 0x00007fffd1c8a000 	C:\WINDOWS\System32\cfgmgr32.dll
0x00007fffd1090000 - 0x00007fffd10a1000 	C:\WINDOWS\System32\kernel.appcore.dll
0x00007fffc2a40000 - 0x00007fffc2a50000 	C:\Program Files\Java\jdk-13.0.1\bin\verify.dll
0x00007fffbee30000 - 0x00007fffbf024000 	C:\WINDOWS\SYSTEM32\DBGHELP.DLL
0x00007fffbec00000 - 0x00007fffbec2a000 	C:\WINDOWS\SYSTEM32\dbgcore.DLL
0x00007fffc2a10000 - 0x00007fffc2a36000 	C:\Program Files\Java\jdk-13.0.1\bin\java.dll
0x00007fffc29f0000 - 0x00007fffc2a07000 	C:\Program Files\Java\jdk-13.0.1\bin\zip.dll
0x00007fffc29e0000 - 0x00007fffc29ea000 	C:\Program Files\Java\jdk-13.0.1\bin\jimage.dll
0x00007fffd3670000 - 0x00007fffd3d55000 	C:\WINDOWS\System32\SHELL32.dll
0x00007fffd3510000 - 0x00007fffd35b9000 	C:\WINDOWS\System32\shcore.dll
0x00007fffd1390000 - 0x00007fffd1b0e000 	C:\WINDOWS\System32\windows.storage.dll
0x00007fffd1070000 - 0x00007fffd108f000 	C:\WINDOWS\System32\profapi.dll
0x00007fffd1020000 - 0x00007fffd106a000 	C:\WINDOWS\System32\powrprof.dll
0x00007fffd1010000 - 0x00007fffd1020000 	C:\WINDOWS\System32\UMPDC.dll
0x00007fffd2eb0000 - 0x00007fffd2f02000 	C:\WINDOWS\System32\shlwapi.dll
0x00007fffd1370000 - 0x00007fffd1387000 	C:\WINDOWS\System32\cryptsp.dll
0x00007fff8c630000 - 0x00007fff8c7c9000 	C:\Program Files\Java\jdk-13.0.1\bin\awt.dll
0x00007fffd4020000 - 0x00007fffd40e4000 	C:\WINDOWS\System32\OLEAUT32.dll
0x00007fffcdca0000 - 0x00007fffce260000 	C:\WINDOWS\SYSTEM32\d2d1.dll
0x00007fffcf240000 - 0x00007fffcf2cf000 	C:\WINDOWS\SYSTEM32\apphelp.dll
0x00007fffcf7b0000 - 0x00007fffcf7dd000 	C:\WINDOWS\system32\DWMAPI.DLL
0x00007fffcf390000 - 0x00007fffcf429000 	C:\WINDOWS\system32\uxtheme.dll
0x00007fffba540000 - 0x00007fffba696000 	C:\WINDOWS\system32\opengl32.dll
0x00007fffc3760000 - 0x00007fffc378c000 	C:\WINDOWS\SYSTEM32\GLU32.dll
0x00007fffcfc80000 - 0x00007fffcfca0000 	C:\WINDOWS\SYSTEM32\dxcore.dll
0x00007fffd3260000 - 0x00007fffd3396000 	C:\WINDOWS\System32\MSCTF.dll
0x00007fffd2cb0000 - 0x00007fffd2e06000 	C:\WINDOWS\System32\ole32.dll

dbghelp: loaded successfully - version: 4.0.5 - missing functions: none
symbol engine: initialized successfully - sym options: 0x614 - pdb path: .;C:\Program Files\Java\jdk-13.0.1\bin;C:\WINDOWS\SYSTEM32;C:\WINDOWS\WinSxS\amd64_microsoft.windows.common-controls_6595b64144ccf1df_6.0.18362.449_none_e6c7b265130c70a7;C:\Program Files\Java\jdk-13.0.1\bin\server

VM Arguments:
jvm_args: -Dfile.encoding=UTF-8 
java_command: test.helpwrite
java_class_path (initial): C:\Users\D507\eclipse-workspace\cam\bin
Launcher Type: SUN_STANDARD

[Global flags]
     intx CICompilerCount                          = 3                                         {product} {ergonomic}
     uint ConcGCThreads                            = 1                                         {product} {ergonomic}
     uint G1ConcRefinementThreads                  = 4                                         {product} {ergonomic}
   size_t G1HeapRegionSize                         = 1048576                                   {product} {ergonomic}
    uintx GCDrainStackTargetSize                   = 64                                        {product} {ergonomic}
   size_t InitialHeapSize                          = 134217728                                 {product} {ergonomic}
   size_t MarkStackSize                            = 4194304                                   {product} {ergonomic}
   size_t MaxHeapSize                              = 2120220672                                {product} {ergonomic}
   size_t MaxNewSize                               = 1271922688                                {product} {ergonomic}
   size_t MinHeapDeltaBytes                        = 1048576                                   {product} {ergonomic}
   size_t MinHeapSize                              = 8388608                                   {product} {ergonomic}
    uintx NonNMethodCodeHeapSize                   = 5830732                                {pd product} {ergonomic}
    uintx NonProfiledCodeHeapSize                  = 122913754                              {pd product} {ergonomic}
    uintx ProfiledCodeHeapSize                     = 122913754                              {pd product} {ergonomic}
    uintx ReservedCodeCacheSize                    = 251658240                              {pd product} {ergonomic}
     bool SegmentedCodeCache                       = true                                      {product} {ergonomic}
   size_t SoftMaxHeapSize                          = 2120220672                             {manageable} {ergonomic}
     bool UseCompressedClassPointers               = true                                 {lp64_product} {ergonomic}
     bool UseCompressedOops                        = true                                 {lp64_product} {ergonomic}
     bool UseG1GC                                  = true                                      {product} {ergonomic}
     bool UseLargePagesIndividualAllocation        = false                                  {pd product} {ergonomic}

Logging:
Log output configuration:
 #0: stdout all=warning uptime,level,tags
 #1: stderr all=off uptime,level,tags

Environment Variables:
PATH=C:/Program Files/Java/jdk-13.0.1/bin/server;C:/Program Files/Java/jdk-13.0.1/bin;C:\WINDOWS\system32;C:\WINDOWS;C:\WINDOWS\System32\Wbem;C:\WINDOWS\System32\WindowsPowerShell\v1.0\;C:\Program Files\MATLAB\R2018b\bin;C:\WINDOWS\System32\OpenSSH\;C:\Users\D507\AppData\Local\Microsoft\WindowsApps;;C:\Users\D507\Desktop;
USERNAME=D507
OS=Windows_NT
PROCESSOR_IDENTIFIER=Intel64 Family 6 Model 158 Stepping 11, GenuineIntel



---------------  S Y S T E M  ---------------

OS: Windows 10 , 64 bit Build 18362 (10.0.18362.329)

CPU:total 4 (initial active 4) (4 cores per cpu, 1 threads per core) family 6 model 158 stepping 11, cmov, cx8, fxsr, mmx, sse, sse2, sse3, ssse3, sse4.1, sse4.2, popcnt, avx, avx2, aes, clmul, erms, 3dnowpref, lzcnt, tsc, tscinvbit, bmi1, bmi2, adx, fma

Memory: 4k page, system-wide physical 8086M (2432M free)
TotalPageFile size 20833M (AvailPageFile size 0M)
current process WorkingSet (physical memory assigned to process): 52M, peak: 52M
current process commit charge ("private bytes"): 213M, peak: 214M

vm_info: Java HotSpot(TM) 64-Bit Server VM (13.0.1+9) for windows-amd64 JRE (13.0.1+9), built on Oct  6 2019 12:37:49 by "mach5one" with unknown MS VC++:1916

END.
